#! /c/Source/iverilog-install/bin/vvp
:ivl_version "12.0 (devel)" "(s20150603-1110-g18392a46)";
:ivl_delay_selection "TYPICAL";
:vpi_time_precision - 12;
:vpi_module "C:\iverilog\lib\ivl\system.vpi";
:vpi_module "C:\iverilog\lib\ivl\vhdl_sys.vpi";
:vpi_module "C:\iverilog\lib\ivl\vhdl_textio.vpi";
:vpi_module "C:\iverilog\lib\ivl\v2005_math.vpi";
:vpi_module "C:\iverilog\lib\ivl\va_math.vpi";
S_000001f899fd4570 .scope module, "test_mux" "test_mux" 2 24;
 .timescale 0 0;
v000001f89a03bca0_0 .var "I0", 0 0;
v000001f89a03abc0_0 .var "I1", 0 0;
v000001f89a03a4e0_0 .var "S", 0 0;
v000001f89a03ada0 .array "W", 0 8, 8 0;
v000001f89a03bf20_0 .var "cur", 8 0;
v000001f89a03af80_0 .var "golden", 8 0;
v000001f89a03a080_0 .var/i "i", 31 0;
v000001f89a03ae40_0 .var/i "index", 31 0;
v000001f89a03b0c0_0 .net "out", 8 0, L_000001f89a03bc00;  1 drivers
S_000001f899fd1eb0 .scope task, "display_task" "display_task" 2 59, 2 59 0, S_000001f899fd4570;
 .timescale 0 0;
TD_test_mux.display_task ;
    %vpi_call 2 61 "$display", "Errors could be at wires - %b", v000001f89a03bf20_0 {0 0 0};
    %vpi_call 2 62 "$finish" {0 0 0};
    %end;
S_000001f899fd2040 .scope task, "update_golden" "update_golden" 2 83, 2 83 0, S_000001f899fd4570;
 .timescale 0 0;
TD_test_mux.update_golden ;
    %load/vec4 v000001f89a03bca0_0;
    %ix/load 4, 0, 0;
    %flag_set/imm 4, 0;
    %store/vec4 v000001f89a03af80_0, 4, 1;
    %load/vec4 v000001f89a03abc0_0;
    %ix/load 4, 1, 0;
    %flag_set/imm 4, 0;
    %store/vec4 v000001f89a03af80_0, 4, 1;
    %load/vec4 v000001f89a03a4e0_0;
    %ix/load 4, 2, 0;
    %flag_set/imm 4, 0;
    %store/vec4 v000001f89a03af80_0, 4, 1;
    %load/vec4 v000001f89a03a4e0_0;
    %ix/load 4, 3, 0;
    %flag_set/imm 4, 0;
    %store/vec4 v000001f89a03af80_0, 4, 1;
    %load/vec4 v000001f89a03a4e0_0;
    %ix/load 4, 4, 0;
    %flag_set/imm 4, 0;
    %store/vec4 v000001f89a03af80_0, 4, 1;
    %load/vec4 v000001f89a03a4e0_0;
    %inv;
    %ix/load 4, 5, 0;
    %flag_set/imm 4, 0;
    %store/vec4 v000001f89a03af80_0, 4, 1;
    %load/vec4 v000001f89a03abc0_0;
    %load/vec4 v000001f89a03a4e0_0;
    %and;
    %ix/load 4, 6, 0;
    %flag_set/imm 4, 0;
    %store/vec4 v000001f89a03af80_0, 4, 1;
    %load/vec4 v000001f89a03bca0_0;
    %load/vec4 v000001f89a03a4e0_0;
    %inv;
    %and;
    %ix/load 4, 7, 0;
    %flag_set/imm 4, 0;
    %store/vec4 v000001f89a03af80_0, 4, 1;
    %load/vec4 v000001f89a03abc0_0;
    %load/vec4 v000001f89a03a4e0_0;
    %and;
    %load/vec4 v000001f89a03bca0_0;
    %load/vec4 v000001f89a03a4e0_0;
    %inv;
    %and;
    %or;
    %ix/load 4, 8, 0;
    %flag_set/imm 4, 0;
    %store/vec4 v000001f89a03af80_0, 4, 1;
    %end;
S_000001f899fe38a0 .scope task, "update_task" "update_task" 2 66, 2 66 0, S_000001f899fd4570;
 .timescale 0 0;
TD_test_mux.update_task ;
    %pushi/vec4 4294967295, 0, 32;
    %store/vec4 v000001f89a03ae40_0, 0, 32;
    %vpi_call 2 69 "$display", "out : %b      golden : %b", v000001f89a03b0c0_0, v000001f89a03af80_0 {0 0 0};
    %pushi/vec4 0, 0, 32;
    %store/vec4 v000001f89a03a080_0, 0, 32;
T_2.0 ;
    %load/vec4 v000001f89a03a080_0;
    %cmpi/s 9, 0, 32;
    %jmp/0xz T_2.1, 5;
    %vpi_call 2 71 "$display", "out[i] : %b      golden[i] : %b", &PV<v000001f89a03b0c0_0, v000001f89a03a080_0, 1>, &PV<v000001f89a03af80_0, v000001f89a03a080_0, 1> {0 0 0};
    %load/vec4 v000001f89a03b0c0_0;
    %load/vec4 v000001f89a03a080_0;
    %part/s 1;
    %load/vec4 v000001f89a03af80_0;
    %load/vec4 v000001f89a03a080_0;
    %part/s 1;
    %cmp/ne;
    %jmp/0xz  T_2.2, 4;
    %vpi_call 2 73 "$display", "hello there" {0 0 0};
    %load/vec4 v000001f89a03a080_0;
    %store/vec4 v000001f89a03ae40_0, 0, 32;
T_2.2 ;
    %load/vec4 v000001f89a03a080_0;
    %addi 1, 0, 32;
    %store/vec4 v000001f89a03a080_0, 0, 32;
    %jmp T_2.0;
T_2.1 ;
    %load/vec4 v000001f89a03ae40_0;
    %cmpi/ne 4294967295, 0, 32;
    %jmp/0xz  T_2.4, 4;
    %load/vec4 v000001f89a03bf20_0;
    %ix/getv/s 4, v000001f89a03ae40_0;
    %load/vec4a v000001f89a03ada0, 4;
    %and;
    %store/vec4 v000001f89a03bf20_0, 0, 9;
T_2.4 ;
    %end;
S_000001f899fe3a30 .scope task, "update_task_and_golden" "update_task_and_golden" 2 48, 2 48 0, S_000001f899fd4570;
 .timescale 0 0;
TD_test_mux.update_task_and_golden ;
    %vpi_call 2 50 "$display", "I0 : %b    I1 : %b    S : %b", v000001f89a03bca0_0, v000001f89a03abc0_0, v000001f89a03a4e0_0 {0 0 0};
    %vpi_call 2 51 "$display", "hello out : %b", v000001f89a03b0c0_0 {0 0 0};
    %fork TD_test_mux.update_golden, S_000001f899fd2040;
    %join;
    %load/vec4 v000001f89a03b0c0_0;
    %load/vec4 v000001f89a03af80_0;
    %cmp/ne;
    %jmp/0xz  T_3.6, 4;
    %fork TD_test_mux.update_task, S_000001f899fe38a0;
    %join;
T_3.6 ;
    %end;
S_000001f899fe3bc0 .scope module, "uut" "mux_proper" 2 40, 3 21 0, S_000001f899fd4570;
 .timescale -9 -12;
    .port_info 0 /INPUT 1 "S";
    .port_info 1 /INPUT 1 "I0";
    .port_info 2 /INPUT 1 "I1";
    .port_info 3 /OUTPUT 9 "out";
L_000001f899fcc370 .functor BUFZ 1, v000001f89a03bca0_0, C4<0>, C4<0>, C4<0>;
L_000001f899fcc760 .functor BUFZ 1, v000001f89a03abc0_0, C4<0>, C4<0>, C4<0>;
L_000001f899fcc990 .functor BUFZ 1, v000001f89a03a4e0_0, C4<0>, C4<0>, C4<0>;
L_000001f899fcca00 .functor BUFZ 1, v000001f89a03a4e0_0, C4<0>, C4<0>, C4<0>;
L_000001f899fccbc0 .functor NOT 1, v000001f89a03a4e0_0, C4<0>, C4<0>, C4<0>;
L_000001f89a03c090 .functor BUFT 1, C4<0>, C4<0>, C4<0>, C4<0>;
L_000001f899fccca0 .functor AND 1, v000001f89a03abc0_0, L_000001f89a03c090, C4<1>, C4<1>;
L_000001f899fcc220 .functor NOT 1, v000001f89a03a4e0_0, C4<0>, C4<0>, C4<0>;
L_000001f899fcc060 .functor AND 1, v000001f89a03bca0_0, L_000001f899fcc220, C4<1>, C4<1>;
L_000001f89a03c0d8 .functor BUFT 1, C4<0>, C4<0>, C4<0>, C4<0>;
L_000001f899fcca70 .functor AND 1, v000001f89a03abc0_0, L_000001f89a03c0d8, C4<1>, C4<1>;
L_000001f899fccae0 .functor NOT 1, v000001f89a03a4e0_0, C4<0>, C4<0>, C4<0>;
L_000001f899fcc920 .functor AND 1, v000001f89a03bca0_0, L_000001f899fccae0, C4<1>, C4<1>;
L_000001f899fccb50 .functor OR 1, L_000001f899fcca70, L_000001f899fcc920, C4<0>, C4<0>;
v000001f899fc90a0_0 .net "I0", 0 0, v000001f89a03bca0_0;  1 drivers
v000001f899fc91e0_0 .net "I1", 0 0, v000001f89a03abc0_0;  1 drivers
v000001f899fc8ce0_0 .net "S", 0 0, v000001f89a03a4e0_0;  1 drivers
v000001f899fc8d80_0 .net *"_ivl_11", 0 0, L_000001f899fcc990;  1 drivers
L_000001f89a03c048 .functor BUFT 1, C4<0>, C4<0>, C4<0>, C4<0>;
v000001f899fc8920_0 .net/2s *"_ivl_14", 0 0, L_000001f89a03c048;  1 drivers
v000001f899fc9140_0 .net *"_ivl_19", 0 0, L_000001f899fcca00;  1 drivers
v000001f899fc95a0_0 .net *"_ivl_22", 0 0, L_000001f899fccbc0;  1 drivers
v000001f899fc9460_0 .net/2u *"_ivl_26", 0 0, L_000001f89a03c090;  1 drivers
v000001f899fc8ec0_0 .net *"_ivl_28", 0 0, L_000001f899fccca0;  1 drivers
v000001f899fc8f60_0 .net *"_ivl_3", 0 0, L_000001f899fcc370;  1 drivers
v000001f899fc9780_0 .net *"_ivl_32", 0 0, L_000001f899fcc220;  1 drivers
v000001f899fc9640_0 .net *"_ivl_34", 0 0, L_000001f899fcc060;  1 drivers
v000001f899fc8e20_0 .net/2u *"_ivl_39", 0 0, L_000001f89a03c0d8;  1 drivers
v000001f899fc96e0_0 .net *"_ivl_41", 0 0, L_000001f899fcca70;  1 drivers
v000001f899fc9820_0 .net *"_ivl_43", 0 0, L_000001f899fccae0;  1 drivers
v000001f899fc89c0_0 .net *"_ivl_45", 0 0, L_000001f899fcc920;  1 drivers
v000001f89a03a9e0_0 .net *"_ivl_47", 0 0, L_000001f899fccb50;  1 drivers
v000001f89a03be80_0 .net *"_ivl_7", 0 0, L_000001f899fcc760;  1 drivers
v000001f89a03a1c0_0 .net "out", 8 0, L_000001f89a03bc00;  alias, 1 drivers
LS_000001f89a03bc00_0_0 .concat8 [ 1 1 1 1], L_000001f899fcc370, L_000001f899fcc760, L_000001f899fcc990, L_000001f89a03c048;
LS_000001f89a03bc00_0_4 .concat8 [ 1 1 1 1], L_000001f899fcca00, L_000001f899fccbc0, L_000001f899fccca0, L_000001f899fcc060;
LS_000001f89a03bc00_0_8 .concat8 [ 1 0 0 0], L_000001f899fccb50;
L_000001f89a03bc00 .concat8 [ 4 4 1 0], LS_000001f89a03bc00_0_0, LS_000001f89a03bc00_0_4, LS_000001f89a03bc00_0_8;
    .scope S_000001f899fd4570;
T_4 ;
    %pushi/vec4 511, 0, 9;
    %store/vec4 v000001f89a03bf20_0, 0, 9;
    %pushi/vec4 511, 0, 9;
    %store/vec4 v000001f89a03af80_0, 0, 9;
    %end;
    .thread T_4;
    .scope S_000001f899fd4570;
T_5 ;
    %pushi/vec4 0, 0, 1;
    %store/vec4 v000001f89a03a4e0_0, 0, 1;
    %pushi/vec4 0, 0, 1;
    %store/vec4 v000001f89a03bca0_0, 0, 1;
    %pushi/vec4 0, 0, 1;
    %store/vec4 v000001f89a03abc0_0, 0, 1;
    %pushi/vec4 259, 0, 9;
    %ix/load 4, 0, 0;
    %flag_set/imm 4, 0;
    %store/vec4a v000001f89a03ada0, 4, 0;
    %pushi/vec4 133, 0, 9;
    %ix/load 4, 1, 0;
    %flag_set/imm 4, 0;
    %store/vec4a v000001f89a03ada0, 4, 0;
    %pushi/vec4 127, 0, 9;
    %ix/load 4, 2, 0;
    %flag_set/imm 4, 0;
    %store/vec4a v000001f89a03ada0, 4, 0;
    %pushi/vec4 37, 0, 9;
    %ix/load 4, 3, 0;
    %flag_set/imm 4, 0;
    %store/vec4a v000001f89a03ada0, 4, 0;
    %pushi/vec4 27, 0, 9;
    %ix/load 4, 4, 0;
    %flag_set/imm 4, 0;
    %store/vec4a v000001f89a03ada0, 4, 0;
    %pushi/vec4 11, 0, 9;
    %ix/load 4, 5, 0;
    %flag_set/imm 4, 0;
    %store/vec4a v000001f89a03ada0, 4, 0;
    %pushi/vec4 5, 0, 9;
    %ix/load 4, 6, 0;
    %flag_set/imm 4, 0;
    %store/vec4a v000001f89a03ada0, 4, 0;
    %pushi/vec4 3, 0, 9;
    %ix/load 4, 7, 0;
    %flag_set/imm 4, 0;
    %store/vec4a v000001f89a03ada0, 4, 0;
    %pushi/vec4 1, 0, 9;
    %ix/load 4, 8, 0;
    %flag_set/imm 4, 0;
    %store/vec4a v000001f89a03ada0, 4, 0;
    %delay 1316134912, 2328;
    %vpi_call 2 115 "$monitor", $time, ". Out : %b     Golden : %b", v000001f89a03b0c0_0, v000001f89a03af80_0 {0 0 0};
    %delay 658067456, 1164;
    %fork TD_test_mux.update_task_and_golden, S_000001f899fe3a30;
    %join;
    %delay 658067456, 1164;
    %pushi/vec4 0, 0, 1;
    %store/vec4 v000001f89a03bca0_0, 0, 1;
    %pushi/vec4 0, 0, 1;
    %store/vec4 v000001f89a03abc0_0, 0, 1;
    %pushi/vec4 1, 0, 1;
    %store/vec4 v000001f89a03a4e0_0, 0, 1;
    %delay 658067456, 1164;
    %fork TD_test_mux.update_task_and_golden, S_000001f899fe3a30;
    %join;
    %delay 658067456, 1164;
    %pushi/vec4 0, 0, 1;
    %store/vec4 v000001f89a03bca0_0, 0, 1;
    %pushi/vec4 1, 0, 1;
    %store/vec4 v000001f89a03abc0_0, 0, 1;
    %pushi/vec4 0, 0, 1;
    %store/vec4 v000001f89a03a4e0_0, 0, 1;
    %delay 658067456, 1164;
    %fork TD_test_mux.update_task_and_golden, S_000001f899fe3a30;
    %join;
    %delay 658067456, 1164;
    %pushi/vec4 0, 0, 1;
    %store/vec4 v000001f89a03bca0_0, 0, 1;
    %pushi/vec4 1, 0, 1;
    %store/vec4 v000001f89a03abc0_0, 0, 1;
    %pushi/vec4 1, 0, 1;
    %store/vec4 v000001f89a03a4e0_0, 0, 1;
    %delay 658067456, 1164;
    %fork TD_test_mux.update_task_and_golden, S_000001f899fe3a30;
    %join;
    %delay 658067456, 1164;
    %pushi/vec4 1, 0, 1;
    %store/vec4 v000001f89a03bca0_0, 0, 1;
    %pushi/vec4 0, 0, 1;
    %store/vec4 v000001f89a03abc0_0, 0, 1;
    %pushi/vec4 0, 0, 1;
    %store/vec4 v000001f89a03a4e0_0, 0, 1;
    %delay 658067456, 1164;
    %fork TD_test_mux.update_task_and_golden, S_000001f899fe3a30;
    %join;
    %delay 658067456, 1164;
    %pushi/vec4 1, 0, 1;
    %store/vec4 v000001f89a03bca0_0, 0, 1;
    %pushi/vec4 0, 0, 1;
    %store/vec4 v000001f89a03abc0_0, 0, 1;
    %pushi/vec4 1, 0, 1;
    %store/vec4 v000001f89a03a4e0_0, 0, 1;
    %delay 658067456, 1164;
    %fork TD_test_mux.update_task_and_golden, S_000001f899fe3a30;
    %join;
    %delay 658067456, 1164;
    %pushi/vec4 1, 0, 1;
    %store/vec4 v000001f89a03bca0_0, 0, 1;
    %pushi/vec4 1, 0, 1;
    %store/vec4 v000001f89a03abc0_0, 0, 1;
    %pushi/vec4 0, 0, 1;
    %store/vec4 v000001f89a03a4e0_0, 0, 1;
    %delay 658067456, 1164;
    %fork TD_test_mux.update_task_and_golden, S_000001f899fe3a30;
    %join;
    %delay 658067456, 1164;
    %pushi/vec4 1, 0, 1;
    %store/vec4 v000001f89a03bca0_0, 0, 1;
    %pushi/vec4 1, 0, 1;
    %store/vec4 v000001f89a03abc0_0, 0, 1;
    %pushi/vec4 1, 0, 1;
    %store/vec4 v000001f89a03a4e0_0, 0, 1;
    %delay 658067456, 1164;
    %fork TD_test_mux.update_task_and_golden, S_000001f899fe3a30;
    %join;
    %delay 658067456, 1164;
    %fork TD_test_mux.display_task, S_000001f899fd1eb0;
    %join;
    %delay 658067456, 1164;
    %fork TD_test_mux.update_task_and_golden, S_000001f899fe3a30;
    %join;
    %end;
    .thread T_5;
# The file index is used to find the file name in the following table.
:file_names 4;
    "N/A";
    "<interactive>";
    ".\test_mux.v";
    ".\mux_w3_0.v";
