#! /c/Source/iverilog-install/bin/vvp
:ivl_version "12.0 (devel)" "(s20150603-1110-g18392a46)";
:ivl_delay_selection "TYPICAL";
:vpi_time_precision + 0;
:vpi_module "C:\iverilog\lib\ivl\system.vpi";
:vpi_module "C:\iverilog\lib\ivl\vhdl_sys.vpi";
:vpi_module "C:\iverilog\lib\ivl\vhdl_textio.vpi";
:vpi_module "C:\iverilog\lib\ivl\v2005_math.vpi";
:vpi_module "C:\iverilog\lib\ivl\va_math.vpi";
S_000002a66d29a030 .scope module, "test_mux" "test_mux" 2 1;
 .timescale 0 0;
v000002a66d348470_0 .var "I0", 0 0;
v000002a66d348e70_0 .var "I1", 0 0;
v000002a66d348a10_0 .var "S", 0 0;
v000002a66d348010_0 .var "golden", 8 0;
v000002a66d347e30_0 .var/i "i", 31 0;
v000002a66d347b10_0 .var/i "index", 31 0;
v000002a66d3476b0_0 .net "out", 8 0, L_000002a66d348d30;  1 drivers
S_000002a66d2dd9d0 .scope task, "display_task" "display_task" 2 30, 2 30 0, S_000002a66d29a030;
 .timescale 0 0;
TD_test_mux.display_task ;
    %vpi_call 2 32 "$display", "Error is in the wire - %d", v000002a66d347b10_0 {0 0 0};
    %load/vec4 v000002a66d348010_0;
    %load/vec4 v000002a66d347b10_0;
    %part/s 1;
    %inv;
    %vpi_call 2 33 "$display", "The wire is stuck at %b", S<0,vec4,u1> {1 0 0};
    %vpi_call 2 34 "$finish" {0 0 0};
    %end;
S_000002a66d2f00a0 .scope task, "test_current_config" "test_current_config" 2 22, 2 22 0, S_000002a66d29a030;
 .timescale 0 0;
TD_test_mux.test_current_config ;
    %load/vec4 v000002a66d3476b0_0;
    %load/vec4 v000002a66d348010_0;
    %cmp/ne;
    %jmp/0xz  T_1.0, 4;
    %fork TD_test_mux.update_task, S_000002a66d2f03c0;
    %join;
T_1.0 ;
    %end;
S_000002a66d2f0230 .scope task, "update_golden" "update_golden" 2 51, 2 51 0, S_000002a66d29a030;
 .timescale 0 0;
TD_test_mux.update_golden ;
    %load/vec4 v000002a66d348470_0;
    %ix/load 4, 0, 0;
    %flag_set/imm 4, 0;
    %store/vec4 v000002a66d348010_0, 4, 1;
    %load/vec4 v000002a66d348e70_0;
    %ix/load 4, 1, 0;
    %flag_set/imm 4, 0;
    %store/vec4 v000002a66d348010_0, 4, 1;
    %load/vec4 v000002a66d348a10_0;
    %ix/load 4, 2, 0;
    %flag_set/imm 4, 0;
    %store/vec4 v000002a66d348010_0, 4, 1;
    %load/vec4 v000002a66d348a10_0;
    %ix/load 4, 3, 0;
    %flag_set/imm 4, 0;
    %store/vec4 v000002a66d348010_0, 4, 1;
    %load/vec4 v000002a66d348a10_0;
    %ix/load 4, 4, 0;
    %flag_set/imm 4, 0;
    %store/vec4 v000002a66d348010_0, 4, 1;
    %load/vec4 v000002a66d348a10_0;
    %inv;
    %ix/load 4, 5, 0;
    %flag_set/imm 4, 0;
    %store/vec4 v000002a66d348010_0, 4, 1;
    %load/vec4 v000002a66d348e70_0;
    %load/vec4 v000002a66d348a10_0;
    %and;
    %ix/load 4, 6, 0;
    %flag_set/imm 4, 0;
    %store/vec4 v000002a66d348010_0, 4, 1;
    %load/vec4 v000002a66d348470_0;
    %load/vec4 v000002a66d348a10_0;
    %inv;
    %and;
    %ix/load 4, 7, 0;
    %flag_set/imm 4, 0;
    %store/vec4 v000002a66d348010_0, 4, 1;
    %load/vec4 v000002a66d348e70_0;
    %load/vec4 v000002a66d348a10_0;
    %and;
    %load/vec4 v000002a66d348470_0;
    %load/vec4 v000002a66d348a10_0;
    %inv;
    %and;
    %or;
    %ix/load 4, 8, 0;
    %flag_set/imm 4, 0;
    %store/vec4 v000002a66d348010_0, 4, 1;
    %end;
S_000002a66d2f03c0 .scope task, "update_task" "update_task" 2 38, 2 38 0, S_000002a66d29a030;
 .timescale 0 0;
TD_test_mux.update_task ;
    %pushi/vec4 4294967295, 0, 32;
    %store/vec4 v000002a66d347b10_0, 0, 32;
    %pushi/vec4 0, 0, 32;
    %store/vec4 v000002a66d347e30_0, 0, 32;
T_3.2 ;
    %load/vec4 v000002a66d347e30_0;
    %cmpi/s 9, 0, 32;
    %jmp/0xz T_3.3, 5;
    %load/vec4 v000002a66d3476b0_0;
    %load/vec4 v000002a66d347e30_0;
    %part/s 1;
    %load/vec4 v000002a66d348010_0;
    %load/vec4 v000002a66d347e30_0;
    %part/s 1;
    %cmp/ne;
    %jmp/0xz  T_3.4, 4;
    %load/vec4 v000002a66d347e30_0;
    %store/vec4 v000002a66d347b10_0, 0, 32;
    %fork TD_test_mux.display_task, S_000002a66d2dd9d0;
    %join;
    %vpi_call 2 45 "$finish" {0 0 0};
T_3.4 ;
    %load/vec4 v000002a66d347e30_0;
    %addi 1, 0, 32;
    %store/vec4 v000002a66d347e30_0, 0, 32;
    %jmp T_3.2;
T_3.3 ;
    %end;
S_000002a66d296ac0 .scope module, "uut" "mux_w0_0" 2 14, 3 1 0, S_000002a66d29a030;
 .timescale 0 0;
    .port_info 0 /INPUT 1 "S";
    .port_info 1 /INPUT 1 "I0";
    .port_info 2 /INPUT 1 "I1";
    .port_info 3 /OUTPUT 9 "out";
L_000002a66d2d99a0 .functor BUFZ 1, v000002a66d348e70_0, C4<0>, C4<0>, C4<0>;
L_000002a66d2da2d0 .functor BUFZ 1, v000002a66d348a10_0, C4<0>, C4<0>, C4<0>;
L_000002a66d2d9f50 .functor BUFZ 1, v000002a66d348a10_0, C4<0>, C4<0>, C4<0>;
L_000002a66d2d98c0 .functor BUFZ 1, v000002a66d348a10_0, C4<0>, C4<0>, C4<0>;
L_000002a66d2da0a0 .functor NOT 1, v000002a66d348a10_0, C4<0>, C4<0>, C4<0>;
L_000002a66d2d9af0 .functor AND 1, v000002a66d348e70_0, v000002a66d348a10_0, C4<1>, C4<1>;
L_000002a66d2d9d90 .functor NOT 1, v000002a66d348a10_0, C4<0>, C4<0>, C4<0>;
L_000002a66d349080 .functor BUFT 1, C4<0>, C4<0>, C4<0>, C4<0>;
L_000002a66d2d9c40 .functor AND 1, L_000002a66d349080, L_000002a66d2d9d90, C4<1>, C4<1>;
L_000002a66d2da5e0 .functor AND 1, v000002a66d348e70_0, v000002a66d348a10_0, C4<1>, C4<1>;
L_000002a66d2d9b60 .functor NOT 1, v000002a66d348a10_0, C4<0>, C4<0>, C4<0>;
L_000002a66d3490c8 .functor BUFT 1, C4<0>, C4<0>, C4<0>, C4<0>;
L_000002a66d2d9e70 .functor AND 1, L_000002a66d3490c8, L_000002a66d2d9b60, C4<1>, C4<1>;
L_000002a66d2da030 .functor OR 1, L_000002a66d2da5e0, L_000002a66d2d9e70, C4<0>, C4<0>;
v000002a66d2d89e0_0 .net "I0", 0 0, v000002a66d348470_0;  1 drivers
v000002a66d2d8760_0 .net "I1", 0 0, v000002a66d348e70_0;  1 drivers
v000002a66d2d8da0_0 .net "S", 0 0, v000002a66d348a10_0;  1 drivers
v000002a66d2d8ee0_0 .net *"_ivl_11", 0 0, L_000002a66d2da2d0;  1 drivers
v000002a66d2d8e40_0 .net *"_ivl_15", 0 0, L_000002a66d2d9f50;  1 drivers
v000002a66d2d8f80_0 .net *"_ivl_19", 0 0, L_000002a66d2d98c0;  1 drivers
L_000002a66d349038 .functor BUFT 1, C4<0>, C4<0>, C4<0>, C4<0>;
v000002a66d2d9020_0 .net/2s *"_ivl_2", 0 0, L_000002a66d349038;  1 drivers
v000002a66d2d9160_0 .net *"_ivl_22", 0 0, L_000002a66d2da0a0;  1 drivers
v000002a66d2d9200_0 .net *"_ivl_26", 0 0, L_000002a66d2d9af0;  1 drivers
v000002a66d2d92a0_0 .net/2u *"_ivl_30", 0 0, L_000002a66d349080;  1 drivers
v000002a66d2d9480_0 .net *"_ivl_32", 0 0, L_000002a66d2d9d90;  1 drivers
v000002a66d2d8a80_0 .net *"_ivl_34", 0 0, L_000002a66d2d9c40;  1 drivers
v000002a66d2d9660_0 .net *"_ivl_39", 0 0, L_000002a66d2da5e0;  1 drivers
v000002a66d2d8800_0 .net/2u *"_ivl_41", 0 0, L_000002a66d3490c8;  1 drivers
v000002a66d2d88a0_0 .net *"_ivl_43", 0 0, L_000002a66d2d9b60;  1 drivers
v000002a66d2d8940_0 .net *"_ivl_45", 0 0, L_000002a66d2d9e70;  1 drivers
v000002a66d348330_0 .net *"_ivl_47", 0 0, L_000002a66d2da030;  1 drivers
v000002a66d3483d0_0 .net *"_ivl_7", 0 0, L_000002a66d2d99a0;  1 drivers
v000002a66d3471b0_0 .net "out", 8 0, L_000002a66d348d30;  alias, 1 drivers
LS_000002a66d348d30_0_0 .concat8 [ 1 1 1 1], L_000002a66d349038, L_000002a66d2d99a0, L_000002a66d2da2d0, L_000002a66d2d9f50;
LS_000002a66d348d30_0_4 .concat8 [ 1 1 1 1], L_000002a66d2d98c0, L_000002a66d2da0a0, L_000002a66d2d9af0, L_000002a66d2d9c40;
LS_000002a66d348d30_0_8 .concat8 [ 1 0 0 0], L_000002a66d2da030;
L_000002a66d348d30 .concat8 [ 4 4 1 0], LS_000002a66d348d30_0_0, LS_000002a66d348d30_0_4, LS_000002a66d348d30_0_8;
    .scope S_000002a66d29a030;
T_4 ;
    %pushi/vec4 511, 0, 9;
    %store/vec4 v000002a66d348010_0, 0, 9;
    %end;
    .thread T_4;
    .scope S_000002a66d29a030;
T_5 ;
    %delay 0, 0;
    %pushi/vec4 0, 0, 1;
    %store/vec4 v000002a66d348a10_0, 0, 1;
    %pushi/vec4 0, 0, 1;
    %store/vec4 v000002a66d348470_0, 0, 1;
    %pushi/vec4 0, 0, 1;
    %store/vec4 v000002a66d348e70_0, 0, 1;
    %delay 0, 0;
    %fork TD_test_mux.update_golden, S_000002a66d2f0230;
    %join;
    %delay 5, 0;
    %fork TD_test_mux.test_current_config, S_000002a66d2f00a0;
    %join;
    %delay 0, 0;
    %pushi/vec4 0, 0, 1;
    %store/vec4 v000002a66d348470_0, 0, 1;
    %pushi/vec4 0, 0, 1;
    %store/vec4 v000002a66d348e70_0, 0, 1;
    %pushi/vec4 1, 0, 1;
    %store/vec4 v000002a66d348a10_0, 0, 1;
    %delay 0, 0;
    %fork TD_test_mux.update_golden, S_000002a66d2f0230;
    %join;
    %delay 5, 0;
    %fork TD_test_mux.test_current_config, S_000002a66d2f00a0;
    %join;
    %delay 0, 0;
    %pushi/vec4 0, 0, 1;
    %store/vec4 v000002a66d348470_0, 0, 1;
    %pushi/vec4 1, 0, 1;
    %store/vec4 v000002a66d348e70_0, 0, 1;
    %pushi/vec4 0, 0, 1;
    %store/vec4 v000002a66d348a10_0, 0, 1;
    %delay 0, 0;
    %fork TD_test_mux.update_golden, S_000002a66d2f0230;
    %join;
    %delay 5, 0;
    %fork TD_test_mux.test_current_config, S_000002a66d2f00a0;
    %join;
    %delay 0, 0;
    %pushi/vec4 0, 0, 1;
    %store/vec4 v000002a66d348470_0, 0, 1;
    %pushi/vec4 1, 0, 1;
    %store/vec4 v000002a66d348e70_0, 0, 1;
    %pushi/vec4 1, 0, 1;
    %store/vec4 v000002a66d348a10_0, 0, 1;
    %delay 0, 0;
    %fork TD_test_mux.update_golden, S_000002a66d2f0230;
    %join;
    %delay 5, 0;
    %fork TD_test_mux.test_current_config, S_000002a66d2f00a0;
    %join;
    %delay 0, 0;
    %pushi/vec4 1, 0, 1;
    %store/vec4 v000002a66d348470_0, 0, 1;
    %pushi/vec4 0, 0, 1;
    %store/vec4 v000002a66d348e70_0, 0, 1;
    %pushi/vec4 0, 0, 1;
    %store/vec4 v000002a66d348a10_0, 0, 1;
    %delay 0, 0;
    %fork TD_test_mux.update_golden, S_000002a66d2f0230;
    %join;
    %delay 5, 0;
    %fork TD_test_mux.test_current_config, S_000002a66d2f00a0;
    %join;
    %delay 0, 0;
    %pushi/vec4 1, 0, 1;
    %store/vec4 v000002a66d348470_0, 0, 1;
    %pushi/vec4 0, 0, 1;
    %store/vec4 v000002a66d348e70_0, 0, 1;
    %pushi/vec4 1, 0, 1;
    %store/vec4 v000002a66d348a10_0, 0, 1;
    %delay 0, 0;
    %fork TD_test_mux.update_golden, S_000002a66d2f0230;
    %join;
    %delay 5, 0;
    %fork TD_test_mux.test_current_config, S_000002a66d2f00a0;
    %join;
    %delay 0, 0;
    %pushi/vec4 1, 0, 1;
    %store/vec4 v000002a66d348470_0, 0, 1;
    %pushi/vec4 1, 0, 1;
    %store/vec4 v000002a66d348e70_0, 0, 1;
    %pushi/vec4 0, 0, 1;
    %store/vec4 v000002a66d348a10_0, 0, 1;
    %delay 0, 0;
    %fork TD_test_mux.update_golden, S_000002a66d2f0230;
    %join;
    %delay 5, 0;
    %fork TD_test_mux.test_current_config, S_000002a66d2f00a0;
    %join;
    %delay 0, 0;
    %pushi/vec4 1, 0, 1;
    %store/vec4 v000002a66d348470_0, 0, 1;
    %pushi/vec4 1, 0, 1;
    %store/vec4 v000002a66d348e70_0, 0, 1;
    %pushi/vec4 1, 0, 1;
    %store/vec4 v000002a66d348a10_0, 0, 1;
    %delay 0, 0;
    %fork TD_test_mux.update_golden, S_000002a66d2f0230;
    %join;
    %delay 5, 0;
    %fork TD_test_mux.test_current_config, S_000002a66d2f00a0;
    %join;
    %delay 0, 0;
    %vpi_call 2 90 "$display", "No errors in the module." {0 0 0};
    %vpi_call 2 91 "$finish" {0 0 0};
    %end;
    .thread T_5;
# The file index is used to find the file name in the following table.
:file_names 4;
    "N/A";
    "<interactive>";
    ".\test_mux.v";
    ".\mux_w0_0.v";
